make all --print-data-base --no-builtin-variables --no-builtin-rules --question
# GNU Make 4.3
# Built for x86_64-pc-linux-gnu
# Copyright (C) 1988-2020 Free Software Foundation, Inc.
# License GPLv3+: GNU GPL version 3 or later <http://gnu.org/licenses/gpl.html>
# This is free software: you are free to change and redistribute it.
# There is NO WARRANTY, to the extent permitted by law.

# Make data base, printed on Tue Jul 12 20:19:36 2022

# Variables

# environment
PROVIDE_FULLSTACK_ACTION = true
# environment
GDK_BACKEND = x11
# environment
LC_ALL = C
# environment
GNOME_SHELL_SESSION_MODE = pop
# environment
SSH_AGENT_LAUNCHER = gnome-keyring
# environment
STARSHIP_SESSION_KEY = 1691927511584223
# environment
UUID = 5b0dbe0c-c00b-4d9a-bff0-f127678294a9
# environment
VSCODE_IPC_HOOK_EXTHOST = /run/user/1000/vscode-ipc-a4c0d749-bfb1-4810-b6e3-8c7e54a10266.sock
# environment
MANDATORY_PATH = /usr/share/gconf/pop.mandatory.path
# environment
VSCODE_CWD = /home/moralespanitz/UTEC/FinalExam
# environment
WINDOWID = 6291460
# environment
WINDOWPATH = 2
# default
MAKE_COMMAND := make
# environment
THREE_SCALE_USER_TOKEN = 207c527cfc2a6b8dcf4fa43ad7a976da
# environment
QT_ACCESSIBILITY = 1
# automatic
@D = $(patsubst %/,%,$(dir $@))
# environment
VSCODE_HANDLES_UNCAUGHT_ERRORS = true
# default
.VARIABLES := 
# environment
PWD = /home/moralespanitz/UTEC/FinalExam
# automatic
%D = $(patsubst %/,%,$(dir $%))
# environment
LSCOLORS = Gxfxcxdxbxegedabagacad
# environment
XDG_DATA_DIRS = /usr/share/pop:/usr/share/gnome:/home/moralespanitz/.local/share/flatpak/exports/share:/var/lib/flatpak/exports/share:/usr/local/share/:/usr/share/:/var/lib/snapd/desktop
# automatic
^D = $(patsubst %/,%,$(dir $^))
# environment
VSCODE_LOG_STACK = false
# automatic
%F = $(notdir $%)
# environment
ALACRITTY_SOCKET = /run/user/1000/Alacritty-:1-21810.sock
# environment
VSCODE_CODE_CACHE_PATH = /home/moralespanitz/.config/Code/CachedData/c3511e6c69bb39013c4a4b7b9566ec1ca73fc4d5
# environment
LANG = C
# environment
XAUTHORITY = /run/user/1000/gdm/Xauthority
# default
.LOADED := 
# default
.INCLUDE_DIRS = /usr/local/include /usr/include /usr/include
# makefile
MAKEFLAGS = pqrR
# makefile
CURDIR := /home/moralespanitz/UTEC/FinalExam
# environment
VSCODE_PIPE_LOGGING = true
# environment
UTM_SOURCE = vscode
# environment
APPLICATION_INSIGHTS_NO_DIAGNOSTIC_CHANNEL = true
# automatic
*D = $(patsubst %/,%,$(dir $*))
# environment
MFLAGS = -pqrR
# environment
SSH_AUTH_SOCK = /run/user/1000/keyring/ssh
# default
.SHELLFLAGS := -c
# environment
XDG_CONFIG_DIRS = /etc/xdg/xdg-pop:/etc/xdg
# automatic
+D = $(patsubst %/,%,$(dir $+))
# environment
XDG_SESSION_DESKTOP = pop
# makefile (from 'Makefile', line 1)
MAKEFILE_LIST := Makefile
# environment
CONDA_SHLVL = 0
# automatic
@F = $(notdir $@)
# environment
ZSH = /home/moralespanitz/.oh-my-zsh
# environment
VSCODE_VERBOSE_LOGGING = true
# environment
VSCODE_PID = 22543
# environment
XDG_SESSION_TYPE = x11
# automatic
?D = $(patsubst %/,%,$(dir $?))
# environment
CONDA_PYTHON_EXE = /home/moralespanitz/miniconda3/bin/python
# environment
SESSION_MANAGER = local/pop-os:@/tmp/.ICE-unix/2571,unix/pop-os:/tmp/.ICE-unix/2571
# automatic
*F = $(notdir $*)
# environment
CHROME_DESKTOP = code-url-handler.desktop
# environment
DBUS_SESSION_BUS_ADDRESS = unix:path=/run/user/1000/bus
# automatic
<D = $(patsubst %/,%,$(dir $<))
# environment
VSCODE_NLS_CONFIG = {"locale":"en-us","availableLanguages":{},"_languagePackSupport":true}
# default
MAKE_HOST := x86_64-pc-linux-gnu
# environment
GNOME_DESKTOP_SESSION_ID = this-is-deprecated
# makefile
SHELL = /bin/sh
# default
MAKECMDGOALS := all
# environment
XMODIFIERS = @im=ibus
# environment
SHLVL = 1
# environment
MAKELEVEL := 0
# default
MAKE = $(MAKE_COMMAND)
# environment
PATH = /home/moralespanitz/miniconda3/condabin:/home/moralespanitz/go/bin:/home/moralespanitz/Apps/node/bin:/home/moralespanitz/Apps/sonar-scanner-4.7.0.2747-linux/bin/:/home/moralespanitz/.jdks/corretto-1.8.0_332/bin/:/usr/local/nvim-linux64/bin:/home/moralespanitz/.cargo/bin:/home/moralespanitz/.local/bin:/usr/local/sbin:/usr/local/bin:/usr/sbin:/usr/bin:/sbin:/bin:/usr/games:/usr/local/games:/snap/bin:/snap/bin
# default
MAKEFILES := 
# automatic
^F = $(notdir $^)
# environment
INVOCATION_ID = f40bf5293a214bb1a6a05e0483d6ac29
# environment
SONAR_TOKEN = 575986245566a175c5dd333eb33f11a30ee8945b
# environment
VSCODE_LOG_NATIVE = false
# environment
USERNAME = moralespanitz
# environment
RECOMMENDER_API_URL = https://gw.api.openshift.io//api/v2
# automatic
?F = $(notdir $?)
# environment
GTK_IM_MODULE = ibus
# environment
XDG_CURRENT_DESKTOP = Unity
# environment
ALACRITTY_LOG = /tmp/Alacritty-21810.log
# environment
LS_COLORS = 
# automatic
+F = $(notdir $+)
# environment
LESS = -R
# environment
DESKTOP_SESSION = pop
# environment
ORIGINAL_XDG_CURRENT_DESKTOP = pop:GNOME
# environment
BASHBUNNYY = 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
# 'override' directive
GNUMAKEFLAGS := 
# environment
LOGNAME = moralespanitz
# makefile
.DEFAULT_GOAL := all
# environment
SYSTEMD_EXEC_PID = 2754
# environment
DISPLAY = :1
# environment
USER = moralespanitz
# environment
GTK_MODULES = gail:atk-bridge:appmenu-gtk-module
# environment
DEFAULTS_PATH = /usr/share/gconf/pop.default.path
# default
MAKE_VERSION := 4.3
# environment
MANAGERPID = 2359
# environment
STARSHIP_SHELL = zsh
# environment
GIO_LAUNCHED_DESKTOP_FILE_PID = 21810
# environment
PAGER = less
# environment
_ = /usr/bin/code
# environment
XDG_RUNTIME_DIR = /run/user/1000
# environment
GPG_AGENT_INFO = /run/user/1000/gnupg/S.gpg-agent:0:1
# environment
COLORTERM = truecolor
# environment
_CE_M = 
# environment
JOURNAL_STREAM = 8:42691
# environment
GOLANG_EXECUTABLE = go
# environment
XDG_SESSION_CLASS = user
# environment
VSCODE_AMD_ENTRYPOINT = vs/workbench/api/node/extensionHostProcess
# environment
HOME = /home/moralespanitz
# environment
QT_IM_MODULE = ibus
# environment
ELECTRON_RUN_AS_NODE = 1
# environment
VSCODE_IPC_HOOK = /run/user/1000/vscode-36192699-1.67.2-main.sock
# environment
TERM = alacritty
# default
.RECIPEPREFIX := 
# automatic
<F = $(notdir $<)
# default
SUFFIXES := 
# environment
VSCODE_CLI = 1
# environment
TELEMETRY_ID = 1a9e9ef8-fb9c-4c60-873c-8cf084492cbf
# environment
ELECTRON_NO_ATTACH_CONSOLE = 1
# default
.FEATURES := target-specific order-only second-expansion else-if shortest-stem undefine oneshell nocomment grouped-target extra-prereqs archives jobserver output-sync check-symlink load
# environment
XDG_MENU_PREFIX = gnome-
# environment
CONDA_EXE = /home/moralespanitz/miniconda3/bin/conda
# environment
_CE_CONDA = 
# environment
GDMSESSION = pop
# variable set hash-table stats:
# Load=122/1024=12%, Rehash=0, Collisions=10/155=6%

# Pattern-specific Variable Values

# No pattern-specific variable values.

# Directories

# . (device 2051, inode 12075168): 19 files, no impossibilities.

# 19 files, no impossibilities in 1 directories.

# Implicit Rules

# No implicit rules.

# Files

# Not a target:
Makefile:
#  Implicit rule search has been done.
#  Last modified 2022-07-12 20:19:11.505349611
#  File has been updated.
 
#  Successfully updated.

test.coverage:
#  Implicit rule search has not been done.
#  Modification time never checked.
#  File has not been updated.
#  recipe to execute (from 'Makefile', line 8):
	pytest --cov=. --cov-report=xml --cov-branch tests/

# Not a target:
.DEFAULT:
#  Implicit rule search has not been done.
#  Modification time never checked.
#  File has not been updated.

all:
#  Command line target.
#  Implicit rule search has not been done.
#  Implicit/static pattern stem: ''
#  File does not exist.
#  File has been updated.
#  Needs to be updated (-q is set).
# automatic
# @ := all
# automatic
# * := 
# automatic
# < := 
# automatic
# + := 
# automatic
# % := 
# automatic
# ^ := 
# automatic
# ? := 
# automatic
# | := 
# variable set hash-table stats:
# Load=8/32=25%, Rehash=0, Collisions=1/11=9%
#  recipe to execute (from 'Makefile', line 2):
	python main.py

test:
#  Implicit rule search has not been done.
#  Modification time never checked.
#  File has not been updated.
#  recipe to execute (from 'Makefile', line 6):
	pytest

install:
#  Implicit rule search has not been done.
#  Modification time never checked.
#  File has not been updated.
#  recipe to execute (from 'Makefile', line 4):
	pip install -r requirements.txt

# Not a target:
.SUFFIXES:
#  Implicit rule search has not been done.
#  Modification time never checked.
#  File has not been updated.

# files hash-table stats:
# Load=7/1024=1%, Rehash=0, Collisions=0/19=0%
# VPATH Search Paths

# No 'vpath' search paths.

# No general ('VPATH' variable) search path.

# strcache buffers: 1 (0) / strings = 27 / storage = 260 B / avg = 9 B
# current buf: size = 8162 B / used = 260 B / count = 27 / avg = 9 B

# strcache performance: lookups = 37 / hit rate = 27%
# hash-table stats:
# Load=27/8192=0%, Rehash=0, Collisions=0/37=0%
# Finished Make data base on Tue Jul 12 20:19:36 2022

 
